DEBUG:root:----------------------------------------
DEBUG:root:2024-04-21_17-18-47 Starting ...
DEBUG:root:----------------------------------------
DEBUG:root:2024-04-21_17-18-47 Starting ...
DEBUG:root:/model_app/main.py: Get databse entries
DEBUG:root:----------------------------------------
DEBUG:root:2024-04-21_17-22-36 Starting ...
DEBUG:root:----------------------------------------
DEBUG:root:2024-04-21_17-22-36 Starting ...
DEBUG:root:/model_app/main.py: Get databse entries
DEBUG:root:/model_app/main.py: Start model training
DEBUG:root:----------------------------------------
DEBUG:root:2024-04-21_17-23-35 Starting ...
DEBUG:root:----------------------------------------
DEBUG:root:2024-04-21_17-23-35 Starting ...
DEBUG:root:/model_app/main.py: Get database entries
DEBUG:root:/model_app/main.py: Start model training
DEBUG:root:----------------------------------------
DEBUG:root:2024-04-23_11-21-13 Starting ...
DEBUG:root:----------------------------------------
DEBUG:root:2024-04-23_11-21-13 Starting ...
DEBUG:root:/model_app/main.py: Get database entries
DEBUG:root:/model_app/main.py: Start model training
DEBUG:root:----------------------------------------
DEBUG:root:2024-04-23_11-22-34 Starting ...
DEBUG:root:----------------------------------------
DEBUG:root:2024-04-23_11-22-34 Starting ...
DEBUG:root:/model_app/main.py: Get database entries
DEBUG:root:/model_app/main.py: Start model training
DEBUG:root:----------------------------------------
DEBUG:root:2024-04-23_11-26-15 Starting ...
DEBUG:root:----------------------------------------
DEBUG:root:2024-04-23_11-26-15 Starting ...
DEBUG:root:/model_app/main.py: Get database entries
DEBUG:root:/model_app/main.py: Start model training
DEBUG:root:----------------------------------------
DEBUG:root:2024-04-23_11-29-47 Starting ...
DEBUG:root:----------------------------------------
DEBUG:root:2024-04-23_11-29-47 Starting ...
DEBUG:root:/model_app/main.py: Get database entries
DEBUG:root:/model_app/main.py: Start model training
DEBUG:root:----------------------------------------
DEBUG:root:2024-04-23_11-33-55 Starting ...
DEBUG:root:----------------------------------------
DEBUG:root:2024-04-23_11-33-55 Starting ...
DEBUG:root:/model_app/main.py: Get database entries
DEBUG:root:/model_app/main.py: Start model training
DEBUG:root:----------------------------------------
DEBUG:root:2024-04-23_11-36-15 Starting ...
DEBUG:root:----------------------------------------
DEBUG:root:2024-04-23_11-36-15 Starting ...
DEBUG:root:/model_app/main.py: Get database entries
DEBUG:root:/model_app/main.py: Start model training
DEBUG:root:----------------------------------------
DEBUG:root:2024-04-23_11-39-07 Starting ...
DEBUG:root:----------------------------------------
DEBUG:root:2024-04-23_11-39-07 Starting ...
DEBUG:root:/model_app/main.py: Get database entries
DEBUG:root:/model_app/main.py: Start model training
DEBUG:root:----------------------------------------
DEBUG:root:2024-04-23_11-41-55 Starting ...
DEBUG:root:----------------------------------------
DEBUG:root:2024-04-23_11-41-55 Starting ...
DEBUG:root:/model_app/main.py: Get database entries
DEBUG:root:/model_app/main.py: Start model training
DEBUG:root:----------------------------------------
DEBUG:root:2024-04-23_11-48-26 Starting ...
DEBUG:root:----------------------------------------
DEBUG:root:2024-04-23_11-48-26 Starting ...
DEBUG:root:/model_app/main.py: Get database entries
DEBUG:root:/model_app/main.py: Start model training
DEBUG:root:----------------------------------------
DEBUG:root:2024-04-23_11-52-52 Starting ...
DEBUG:root:----------------------------------------
DEBUG:root:2024-04-23_11-52-52 Starting ...
DEBUG:root:/model_app/main.py: Get database entries
DEBUG:root:/model_app/main.py: Start model training
DEBUG:root:----------------------------------------
DEBUG:root:2024-04-23_11-55-14 Starting ...
DEBUG:root:----------------------------------------
DEBUG:root:2024-04-23_11-55-14 Starting ...
DEBUG:root:/model_app/main.py: Get database entries
DEBUG:root:/model_app/main.py: Start model training
DEBUG:root:----------------------------------------
DEBUG:root:2024-04-23_11-57-05 Starting ...
DEBUG:root:----------------------------------------
DEBUG:root:2024-04-23_11-57-05 Starting ...
DEBUG:root:/model_app/main.py: Get database entries
DEBUG:root:/model_app/main.py: Start model training
DEBUG:root:----------------------------------------
DEBUG:root:2024-04-23_11-57-58 Starting ...
DEBUG:root:----------------------------------------
DEBUG:root:2024-04-23_11-57-58 Starting ...
DEBUG:root:/model_app/main.py: Get database entries
DEBUG:root:/model_app/main.py: Start model training
DEBUG:root:----------------------------------------
DEBUG:root:2024-04-23_11-59-00 Starting ...
DEBUG:root:----------------------------------------
DEBUG:root:2024-04-23_11-59-00 Starting ...
DEBUG:root:/model_app/main.py: Get database entries
DEBUG:root:/model_app/main.py: Start model training
DEBUG:root:----------------------------------------
DEBUG:root:2024-04-23_11-59-50 Starting ...
DEBUG:root:----------------------------------------
DEBUG:root:2024-04-23_11-59-50 Starting ...
DEBUG:root:/model_app/main.py: Get database entries
DEBUG:root:/model_app/main.py: Start model training
DEBUG:root:/model_app/mlmodel.py: new models trained and saved
DEBUG:root:----------------------------------------
DEBUG:root:2024-04-23_12-00-22 Starting ...
DEBUG:root:----------------------------------------
DEBUG:root:2024-04-23_12-00-22 Starting ...
DEBUG:root:/model_app/main.py: Get database entries
DEBUG:root:/model_app/main.py: Start model training
DEBUG:root:/model_app/mlmodel.py: new models trained and saved
DEBUG:root:----------------------------------------
DEBUG:root:2024-04-23_12-01-34 Starting ...
DEBUG:root:----------------------------------------
DEBUG:root:2024-04-23_12-01-34 Starting ...
DEBUG:root:/model_app/main.py: Get database entries
DEBUG:root:/model_app/main.py: Start model training
DEBUG:root:/model_app/mlmodel.py: new models trained and saved
